Using pre-set license
Built from '2022.3/staging' branch; Version is '2022.3.24f1 (334eb2a0b267) revision 3362482'; Using compiler version '192829333'; Build Type 'Release'
OS: 'Windows 10  (10.0.19045) 64bit Core' Language: 'ko' Physical Memory: 16092 MB
BatchMode: 1, IsHumanControllingUs: 0, StartBugReporterOnCrash: 0, Is64bit: 1, IsPro: 1

COMMAND LINE ARGUMENTS:
C:\Program Files\Unity 2022.3.24f1\Editor\Unity.exe
-adb2
-batchMode
-noUpm
-name
AssetImportWorker0
-projectPath
C:/Users/hyeon2-400/Documents/GitHub/AIBehaviourTree/My project (4)
-logFile
Logs/AssetImportWorker0.log
-srvPort
59883
Successfully changed project path to: C:/Users/hyeon2-400/Documents/GitHub/AIBehaviourTree/My project (4)
C:/Users/hyeon2-400/Documents/GitHub/AIBehaviourTree/My project (4)
[UnityMemory] Configuration Parameters - Can be set up in boot.config
    "memorysetup-bucket-allocator-granularity=16"
    "memorysetup-bucket-allocator-bucket-count=8"
    "memorysetup-bucket-allocator-block-size=33554432"
    "memorysetup-bucket-allocator-block-count=8"
    "memorysetup-main-allocator-block-size=16777216"
    "memorysetup-thread-allocator-block-size=16777216"
    "memorysetup-gfx-main-allocator-block-size=16777216"
    "memorysetup-gfx-thread-allocator-block-size=16777216"
    "memorysetup-cache-allocator-block-size=4194304"
    "memorysetup-typetree-allocator-block-size=2097152"
    "memorysetup-profiler-bucket-allocator-granularity=16"
    "memorysetup-profiler-bucket-allocator-bucket-count=8"
    "memorysetup-profiler-bucket-allocator-block-size=33554432"
    "memorysetup-profiler-bucket-allocator-block-count=8"
    "memorysetup-profiler-allocator-block-size=16777216"
    "memorysetup-profiler-editor-allocator-block-size=1048576"
    "memorysetup-temp-allocator-size-main=16777216"
    "memorysetup-job-temp-allocator-block-size=2097152"
    "memorysetup-job-temp-allocator-block-size-background=1048576"
    "memorysetup-job-temp-allocator-reduction-small-platforms=262144"
    "memorysetup-allocator-temp-initial-block-size-main=262144"
    "memorysetup-allocator-temp-initial-block-size-worker=262144"
    "memorysetup-temp-allocator-size-background-worker=32768"
    "memorysetup-temp-allocator-size-job-worker=262144"
    "memorysetup-temp-allocator-size-preload-manager=33554432"
    "memorysetup-temp-allocator-size-nav-mesh-worker=65536"
    "memorysetup-temp-allocator-size-audio-worker=65536"
    "memorysetup-temp-allocator-size-cloud-worker=32768"
    "memorysetup-temp-allocator-size-gi-baking-worker=262144"
    "memorysetup-temp-allocator-size-gfx=262144"
Player connection [25608] Host "[IP] 192.168.30.104 [Port] 0 [Flags] 2 [Guid] 3469111525 [EditorId] 3469111525 [Version] 1048832 [Id] WindowsEditor(7,DESKTOP-NAVJCQV) [Debug] 1 [PackageName] WindowsEditor [ProjectName] Editor" joined multi-casting on [225.0.0.222:54997]...

Player connection [25608] Host "[IP] 192.168.30.104 [Port] 0 [Flags] 2 [Guid] 3469111525 [EditorId] 3469111525 [Version] 1048832 [Id] WindowsEditor(7,DESKTOP-NAVJCQV) [Debug] 1 [PackageName] WindowsEditor [ProjectName] Editor" joined alternative multi-casting on [225.0.0.222:34997]...

[Physics::Module] Initialized MultithreadedJobDispatcher with 11 workers.
Refreshing native plugins compatible for Editor in 9.31 ms, found 3 plugins.
Preloading 0 native plugins for Editor in 0.00 ms.
Initialize engine version: 2022.3.24f1 (334eb2a0b267)
[Subsystems] Discovering subsystems at path C:/Program Files/Unity 2022.3.24f1/Editor/Data/Resources/UnitySubsystems
[Subsystems] Discovering subsystems at path C:/Users/hyeon2-400/Documents/GitHub/AIBehaviourTree/My project (4)/Assets
GfxDevice: creating device client; threaded=0; jobified=0
Direct3D:
    Version:  Direct3D 11.0 [level 11.1]
    Renderer: NVIDIA GeForce RTX 3070 (ID=0x2488)
    Vendor:   NVIDIA
    VRAM:     8032 MB
    Driver:   31.0.15.4659
Initialize mono
Mono path[0] = 'C:/Program Files/Unity 2022.3.24f1/Editor/Data/Managed'
Mono path[1] = 'C:/Program Files/Unity 2022.3.24f1/Editor/Data/MonoBleedingEdge/lib/mono/unityjit-win32'
Mono config path = 'C:/Program Files/Unity 2022.3.24f1/Editor/Data/MonoBleedingEdge/etc'
Using monoOptions --debugger-agent=transport=dt_socket,embedding=1,server=y,suspend=n,address=127.0.0.1:56648
Begin MonoManager ReloadAssembly
Registering precompiled unity dll's ...
Register platform support module: C:/Program Files/Unity 2022.3.24f1/Editor/Data/PlaybackEngines/AndroidPlayer/UnityEditor.Android.Extensions.dll
Register platform support module: C:/Program Files/Unity 2022.3.24f1/Editor/Data/PlaybackEngines/WindowsStandaloneSupport/UnityEditor.WindowsStandalone.Extensions.dll
Registered in 0.011072 seconds.
- Loaded All Assemblies, in  0.411 seconds
Native extension for WindowsStandalone target not found
Native extension for Android target not found
Mono: successfully reloaded assembly
- Finished resetting the current domain, in  0.311 seconds
Domain Reload Profiling: 720ms
	BeginReloadAssembly (145ms)
		ExecutionOrderSort (0ms)
		DisableScriptedObjects (0ms)
		BackupInstance (0ms)
		ReleaseScriptingObjects (0ms)
		CreateAndSetChildDomain (1ms)
	RebuildCommonClasses (36ms)
	RebuildNativeTypeToScriptingClass (10ms)
	initialDomainReloadingComplete (62ms)
	LoadAllAssembliesAndSetupDomain (156ms)
		LoadAssemblies (143ms)
		RebuildTransferFunctionScriptingTraits (0ms)
		AnalyzeDomain (153ms)
			TypeCache.Refresh (152ms)
				TypeCache.ScanAssembly (138ms)
			ScanForSourceGeneratedMonoScriptInfo (0ms)
			ResolveRequiredComponents (0ms)
	FinalizeReload (312ms)
		ReleaseScriptCaches (0ms)
		RebuildScriptCaches (0ms)
		SetupLoadedEditorAssemblies (256ms)
			LogAssemblyErrors (0ms)
			InitializePlatformSupportModulesInManaged (82ms)
			SetLoadedEditorAssemblies (4ms)
			RefreshPlugins (0ms)
			BeforeProcessingInitializeOnLoad (2ms)
			ProcessInitializeOnLoadAttributes (108ms)
			ProcessInitializeOnLoadMethodAttributes (59ms)
			AfterProcessingInitializeOnLoad (0ms)
			EditorAssembliesLoaded (0ms)
		ExecutionOrderSort2 (0ms)
		AwakeInstancesAfterBackupRestoration (0ms)
========================================================================
Worker process is ready to serve import requests
Begin MonoManager ReloadAssembly
- Loaded All Assemblies, in  0.699 seconds
Refreshing native plugins compatible for Editor in 3.91 ms, found 3 plugins.
Native extension for WindowsStandalone target not found
Native extension for Android target not found
Package Manager log level set to [2]
[Package Manager] Server::EnsureServerProcessIsRunning -- launch failed, reason: Unity was launched with the -noUpm command-line argument
[Package Manager] UpmClient::Send -- Unable to send message (not connected to UPM process).
[Package Manager] Cannot connect to Unity Package Manager local server
Mono: successfully reloaded assembly
- Finished resetting the current domain, in  0.559 seconds
Domain Reload Profiling: 1254ms
	BeginReloadAssembly (181ms)
		ExecutionOrderSort (0ms)
		DisableScriptedObjects (5ms)
		BackupInstance (0ms)
		ReleaseScriptingObjects (0ms)
		CreateAndSetChildDomain (25ms)
	RebuildCommonClasses (33ms)
	RebuildNativeTypeToScriptingClass (10ms)
	initialDomainReloadingComplete (45ms)
	LoadAllAssembliesAndSetupDomain (425ms)
		LoadAssemblies (368ms)
		RebuildTransferFunctionScriptingTraits (0ms)
		AnalyzeDomain (175ms)
			TypeCache.Refresh (153ms)
				TypeCache.ScanAssembly (136ms)
			ScanForSourceGeneratedMonoScriptInfo (13ms)
			ResolveRequiredComponents (7ms)
	FinalizeReload (560ms)
		ReleaseScriptCaches (0ms)
		RebuildScriptCaches (0ms)
		SetupLoadedEditorAssemblies (414ms)
			LogAssemblyErrors (0ms)
			InitializePlatformSupportModulesInManaged (26ms)
			SetLoadedEditorAssemblies (4ms)
			RefreshPlugins (0ms)
			BeforeProcessingInitializeOnLoad (62ms)
			ProcessInitializeOnLoadAttributes (290ms)
			ProcessInitializeOnLoadMethodAttributes (20ms)
			AfterProcessingInitializeOnLoad (13ms)
			EditorAssembliesLoaded (0ms)
		ExecutionOrderSort2 (0ms)
		AwakeInstancesAfterBackupRestoration (8ms)
Launched and connected shader compiler UnityShaderCompiler.exe after 0.06 seconds
Refreshing native plugins compatible for Editor in 7.02 ms, found 3 plugins.
Preloading 0 native plugins for Editor in 0.00 ms.
Unloading 3095 Unused Serialized files (Serialized files now loaded: 0)
Unloading 32 unused Assets / (57.0 KB). Loaded Objects now: 3559.
Memory consumption went from 126.3 MB to 126.2 MB.
Total: 3.860800 ms (FindLiveObjects: 0.306100 ms CreateObjectMapping: 0.150800 ms MarkObjects: 3.277300 ms  DeleteObjects: 0.125200 ms)

AssetImportParameters requested are different than current active one (requested -> active):
  custom:container-demuxer-ogg: 62fdf1f143b41e24485cea50d1cbac27 -> 
  custom:video-decoder-ogg-theora: a1e56fd34408186e4bbccfd4996cb3dc -> 
  custom:framework-win-MediaFoundation: 216162199b28c13a410421893ffa2e32 -> 
  custom:CustomObjectIndexerAttribute: 9a22284fe3817be447336de3de66b15e -> 
  custom:container-demuxer-webm: 4f35f7cbe854078d1ac9338744f61a02 -> 
  custom:container-muxer-webm: aa71ff27fc2769a1b78a27578f13a17b -> 
  custom:video-decoder-webm-vp8: 9c59270c3fd7afecdb556c50c9e8de78 -> 
  custom:SearchIndexIgnoredProperties: e643bd26f0fe6173181afceb89e7c659 -> 
  custom:AudioImporter_EditorPlatform: d09bf68614088b80899f8185d706f6e7 -> 
  custom:video-encoder-webm-vp8: eb34c28f22e8b96e1ab97ce403110664 -> 
  custom:audio-decoder-ogg-vorbis: bf7c407c2cedff20999df2af8eb42d56 -> 
  custom:audio-encoder-webm-vorbis: bf7c407c2cedff20999df2af8eb42d56 -> 
========================================================================
Received Prepare
Begin MonoManager ReloadAssembly
- Loaded All Assemblies, in  0.485 seconds
Refreshing native plugins compatible for Editor in 4.80 ms, found 3 plugins.
Native extension for WindowsStandalone target not found
Native extension for Android target not found
[Package Manager] Server::EnsureServerProcessIsRunning -- launch failed, reason: Unity was launched with the -noUpm command-line argument
[Package Manager] UpmClient::Send -- Unable to send message (not connected to UPM process).
[Package Manager] Cannot connect to Unity Package Manager local server
Mono: successfully reloaded assembly
- Finished resetting the current domain, in  0.930 seconds
Domain Reload Profiling: 1414ms
	BeginReloadAssembly (164ms)
		ExecutionOrderSort (0ms)
		DisableScriptedObjects (5ms)
		BackupInstance (0ms)
		ReleaseScriptingObjects (0ms)
		CreateAndSetChildDomain (29ms)
	RebuildCommonClasses (28ms)
	RebuildNativeTypeToScriptingClass (9ms)
	initialDomainReloadingComplete (29ms)
	LoadAllAssembliesAndSetupDomain (252ms)
		LoadAssemblies (339ms)
		RebuildTransferFunctionScriptingTraits (0ms)
		AnalyzeDomain (13ms)
			TypeCache.Refresh (6ms)
				TypeCache.ScanAssembly (0ms)
			ScanForSourceGeneratedMonoScriptInfo (0ms)
			ResolveRequiredComponents (5ms)
	FinalizeReload (933ms)
		ReleaseScriptCaches (0ms)
		RebuildScriptCaches (0ms)
		SetupLoadedEditorAssemblies (356ms)
			LogAssemblyErrors (0ms)
			InitializePlatformSupportModulesInManaged (22ms)
			SetLoadedEditorAssemblies (4ms)
			RefreshPlugins (0ms)
			BeforeProcessingInitializeOnLoad (58ms)
			ProcessInitializeOnLoadAttributes (243ms)
			ProcessInitializeOnLoadMethodAttributes (18ms)
			AfterProcessingInitializeOnLoad (11ms)
			EditorAssembliesLoaded (0ms)
		ExecutionOrderSort2 (0ms)
		AwakeInstancesAfterBackupRestoration (8ms)
Refreshing native plugins compatible for Editor in 6.78 ms, found 3 plugins.
Preloading 0 native plugins for Editor in 0.00 ms.
Unloading 3086 Unused Serialized files (Serialized files now loaded: 0)
Unloading 24 unused Assets / (31.6 KB). Loaded Objects now: 3561.
Memory consumption went from 126.5 MB to 126.5 MB.
Total: 3.375600 ms (FindLiveObjects: 0.396900 ms CreateObjectMapping: 0.089200 ms MarkObjects: 2.833100 ms  DeleteObjects: 0.054700 ms)

Prepare: number of updated asset objects reloaded= 0
AssetImportParameters requested are different than current active one (requested -> active):
  custom:container-demuxer-ogg: 62fdf1f143b41e24485cea50d1cbac27 -> 
  custom:video-decoder-ogg-theora: a1e56fd34408186e4bbccfd4996cb3dc -> 
  custom:framework-win-MediaFoundation: 216162199b28c13a410421893ffa2e32 -> 
  custom:CustomObjectIndexerAttribute: 9a22284fe3817be447336de3de66b15e -> 
  custom:container-demuxer-webm: 4f35f7cbe854078d1ac9338744f61a02 -> 
  custom:container-muxer-webm: aa71ff27fc2769a1b78a27578f13a17b -> 
  custom:video-decoder-webm-vp8: 9c59270c3fd7afecdb556c50c9e8de78 -> 
  custom:SearchIndexIgnoredProperties: e643bd26f0fe6173181afceb89e7c659 -> 
  custom:AudioImporter_EditorPlatform: d09bf68614088b80899f8185d706f6e7 -> 
  custom:video-encoder-webm-vp8: eb34c28f22e8b96e1ab97ce403110664 -> 
  custom:audio-decoder-ogg-vorbis: bf7c407c2cedff20999df2af8eb42d56 -> 
  custom:audio-encoder-webm-vorbis: bf7c407c2cedff20999df2af8eb42d56 -> 
========================================================================
Received Import Request.
  Time since last request: 33867.476893 seconds.
  path: Assets/00Scripts
  artifactKey: Guid(4aea2800888607a4e8592398c2386966) Importer(815301076,1909f56bfc062723c751e8b465ee728b)
Start importing Assets/00Scripts using Guid(4aea2800888607a4e8592398c2386966) Importer(815301076,1909f56bfc062723c751e8b465ee728b)  -> (artifact id: 'b27346d9596b5a101e6c0d425803c2c0') in 0.001857 seconds
Number of updated asset objects reloaded before import = 0
Number of asset objects unloaded after import = 0
========================================================================
Received Import Request.
  Time since last request: 3.040370 seconds.
  path: Assets/00Scripts/AI/BehaviorTree/Nodes/WeightNodes/IWeightNode.cs
  artifactKey: Guid(2bb3b34e3a13b4f48966a44b1d66d0ad) Importer(815301076,1909f56bfc062723c751e8b465ee728b)
Start importing Assets/00Scripts/AI/BehaviorTree/Nodes/WeightNodes/IWeightNode.cs using Guid(2bb3b34e3a13b4f48966a44b1d66d0ad) Importer(815301076,1909f56bfc062723c751e8b465ee728b)  -> (artifact id: 'cadfb00f97eee620ffac0f3b93462422') in 0.000518 seconds
Number of updated asset objects reloaded before import = 0
Number of asset objects unloaded after import = 0
========================================================================
Received Import Request.
  Time since last request: 7.000616 seconds.
  path: Assets/00Scripts/AI/BehaviorTree/Nodes/WeightNodes/WeightDecoratorNode.cs
  artifactKey: Guid(f968df4209f6f614382bfffa3d27516a) Importer(815301076,1909f56bfc062723c751e8b465ee728b)
Start importing Assets/00Scripts/AI/BehaviorTree/Nodes/WeightNodes/WeightDecoratorNode.cs using Guid(f968df4209f6f614382bfffa3d27516a) Importer(815301076,1909f56bfc062723c751e8b465ee728b)  -> (artifact id: '49a598d564aa8bbfb11dd4aea40c01ba') in 0.000798 seconds
Number of updated asset objects reloaded before import = 0
Number of asset objects unloaded after import = 0
========================================================================
Received Prepare
Begin MonoManager ReloadAssembly
- Loaded All Assemblies, in  0.752 seconds
Refreshing native plugins compatible for Editor in 4.77 ms, found 3 plugins.
Native extension for WindowsStandalone target not found
Native extension for Android target not found
[Package Manager] Server::EnsureServerProcessIsRunning -- launch failed, reason: Unity was launched with the -noUpm command-line argument
[Package Manager] UpmClient::Send -- Unable to send message (not connected to UPM process).
[Package Manager] Cannot connect to Unity Package Manager local server
Mono: successfully reloaded assembly
- Finished resetting the current domain, in  2.309 seconds
Domain Reload Profiling: 3057ms
	BeginReloadAssembly (172ms)
		ExecutionOrderSort (0ms)
		DisableScriptedObjects (4ms)
		BackupInstance (0ms)
		ReleaseScriptingObjects (0ms)
		CreateAndSetChildDomain (39ms)
	RebuildCommonClasses (30ms)
	RebuildNativeTypeToScriptingClass (9ms)
	initialDomainReloadingComplete (29ms)
	LoadAllAssembliesAndSetupDomain (508ms)
		LoadAssemblies (579ms)
		RebuildTransferFunctionScriptingTraits (0ms)
		AnalyzeDomain (28ms)
			TypeCache.Refresh (12ms)
				TypeCache.ScanAssembly (2ms)
			ScanForSourceGeneratedMonoScriptInfo (7ms)
			ResolveRequiredComponents (8ms)
	FinalizeReload (2309ms)
		ReleaseScriptCaches (0ms)
		RebuildScriptCaches (0ms)
		SetupLoadedEditorAssemblies (358ms)
			LogAssemblyErrors (0ms)
			InitializePlatformSupportModulesInManaged (23ms)
			SetLoadedEditorAssemblies (3ms)
			RefreshPlugins (0ms)
			BeforeProcessingInitializeOnLoad (58ms)
			ProcessInitializeOnLoadAttributes (241ms)
			ProcessInitializeOnLoadMethodAttributes (22ms)
			AfterProcessingInitializeOnLoad (12ms)
			EditorAssembliesLoaded (0ms)
		ExecutionOrderSort2 (0ms)
		AwakeInstancesAfterBackupRestoration (10ms)
Refreshing native plugins compatible for Editor in 5.87 ms, found 3 plugins.
Preloading 0 native plugins for Editor in 0.00 ms.
Unloading 3127 Unused Serialized files (Serialized files now loaded: 0)
Unloading 23 unused Assets / (31.0 KB). Loaded Objects now: 3606.
Memory consumption went from 129.0 MB to 129.0 MB.
Total: 2.475700 ms (FindLiveObjects: 0.214800 ms CreateObjectMapping: 0.114600 ms MarkObjects: 2.094800 ms  DeleteObjects: 0.050600 ms)

Prepare: number of updated asset objects reloaded= 0
AssetImportParameters requested are different than current active one (requested -> active):
  custom:container-demuxer-ogg: 62fdf1f143b41e24485cea50d1cbac27 -> 
  custom:video-decoder-ogg-theora: a1e56fd34408186e4bbccfd4996cb3dc -> 
  custom:framework-win-MediaFoundation: 216162199b28c13a410421893ffa2e32 -> 
  custom:CustomObjectIndexerAttribute: 9a22284fe3817be447336de3de66b15e -> 
  custom:container-demuxer-webm: 4f35f7cbe854078d1ac9338744f61a02 -> 
  custom:container-muxer-webm: aa71ff27fc2769a1b78a27578f13a17b -> 
  custom:video-decoder-webm-vp8: 9c59270c3fd7afecdb556c50c9e8de78 -> 
  custom:SearchIndexIgnoredProperties: e643bd26f0fe6173181afceb89e7c659 -> 
  custom:AudioImporter_EditorPlatform: d09bf68614088b80899f8185d706f6e7 -> 
  custom:video-encoder-webm-vp8: eb34c28f22e8b96e1ab97ce403110664 -> 
  custom:audio-decoder-ogg-vorbis: bf7c407c2cedff20999df2af8eb42d56 -> 
  custom:audio-encoder-webm-vorbis: bf7c407c2cedff20999df2af8eb42d56 -> 
========================================================================
Received Import Request.
  Time since last request: 262.154641 seconds.
  path: Assets/00Scripts/AI/BehaviorTree/Nodes/WeightNodes/WeightDecoratorNode.cs
  artifactKey: Guid(f968df4209f6f614382bfffa3d27516a) Importer(815301076,1909f56bfc062723c751e8b465ee728b)
Start importing Assets/00Scripts/AI/BehaviorTree/Nodes/WeightNodes/WeightDecoratorNode.cs using Guid(f968df4209f6f614382bfffa3d27516a) Importer(815301076,1909f56bfc062723c751e8b465ee728b)  -> (artifact id: '36f7ae5b2aabd386b41585f0e967a6f6') in 0.001884 seconds
Number of updated asset objects reloaded before import = 0
Number of asset objects unloaded after import = 0
========================================================================
Received Import Request.
  Time since last request: 0.698915 seconds.
  path: Assets/00Scripts/AI/BehaviorTree/Nodes/BasicNodes/ParentNode.cs
  artifactKey: Guid(ad412b41bf696b244aa53f73878614cd) Importer(815301076,1909f56bfc062723c751e8b465ee728b)
Start importing Assets/00Scripts/AI/BehaviorTree/Nodes/BasicNodes/ParentNode.cs using Guid(ad412b41bf696b244aa53f73878614cd) Importer(815301076,1909f56bfc062723c751e8b465ee728b)  -> (artifact id: '7f2bebc00f37e4751139595b4200c3a8') in 0.000495 seconds
Number of updated asset objects reloaded before import = 0
Number of asset objects unloaded after import = 0
========================================================================
Received Import Request.
  Time since last request: 2.533871 seconds.
  path: Assets/00Scripts/AI/BehaviorTree/Nodes/WeightNodes/TestNodeB.cs
  artifactKey: Guid(61975187ae072f547b64c292ba597eef) Importer(815301076,1909f56bfc062723c751e8b465ee728b)
Start importing Assets/00Scripts/AI/BehaviorTree/Nodes/WeightNodes/TestNodeB.cs using Guid(61975187ae072f547b64c292ba597eef) Importer(815301076,1909f56bfc062723c751e8b465ee728b)  -> (artifact id: '49cd867b4891525353e795ed371c1f1a') in 0.000460 seconds
Number of updated asset objects reloaded before import = 0
Number of asset objects unloaded after import = 0
========================================================================
Received Import Request.
  Time since last request: 0.402486 seconds.
  path: Assets/00Scripts/AI/BehaviorTree/Nodes/WeightNodes/SkillPerformerNode.cs
  artifactKey: Guid(0bc7a8b2d7d70db4aa41219321c79de7) Importer(815301076,1909f56bfc062723c751e8b465ee728b)
Start importing Assets/00Scripts/AI/BehaviorTree/Nodes/WeightNodes/SkillPerformerNode.cs using Guid(0bc7a8b2d7d70db4aa41219321c79de7) Importer(815301076,1909f56bfc062723c751e8b465ee728b)  -> (artifact id: '5f5878ead2fa7a135620597e185c9a1f') in 0.000527 seconds
Number of updated asset objects reloaded before import = 0
Number of asset objects unloaded after import = 0
========================================================================
Received Import Request.
  Time since last request: 0.331024 seconds.
  path: Assets/00Scripts/AI/BehaviorTree/BehaviorTree.cs
  artifactKey: Guid(9c92f7a0caa2af94aab74cc9464ab471) Importer(815301076,1909f56bfc062723c751e8b465ee728b)
Start importing Assets/00Scripts/AI/BehaviorTree/BehaviorTree.cs using Guid(9c92f7a0caa2af94aab74cc9464ab471) Importer(815301076,1909f56bfc062723c751e8b465ee728b)  -> (artifact id: '542bd8d1bf47a86439751042111fbba0') in 0.000560 seconds
Number of updated asset objects reloaded before import = 0
Number of asset objects unloaded after import = 0
========================================================================
Received Import Request.
  Time since last request: 0.495825 seconds.
  path: Assets/00Scripts/AI/BehaviorTree/BehaviorTreeRunner.cs
  artifactKey: Guid(60287b2f372e41147a385fdb888ca1f6) Importer(815301076,1909f56bfc062723c751e8b465ee728b)
Start importing Assets/00Scripts/AI/BehaviorTree/BehaviorTreeRunner.cs using Guid(60287b2f372e41147a385fdb888ca1f6) Importer(815301076,1909f56bfc062723c751e8b465ee728b)  -> (artifact id: '1002519338be1d742a97966ec973319d') in 0.000487 seconds
Number of updated asset objects reloaded before import = 0
Number of asset objects unloaded after import = 0
========================================================================
Received Prepare
Begin MonoManager ReloadAssembly
- Loaded All Assemblies, in  0.604 seconds
Refreshing native plugins compatible for Editor in 4.62 ms, found 3 plugins.
Native extension for WindowsStandalone target not found
Native extension for Android target not found
[Package Manager] Server::EnsureServerProcessIsRunning -- launch failed, reason: Unity was launched with the -noUpm command-line argument
[Package Manager] UpmClient::Send -- Unable to send message (not connected to UPM process).
[Package Manager] Cannot connect to Unity Package Manager local server
Mono: successfully reloaded assembly
- Finished resetting the current domain, in  1.696 seconds
Domain Reload Profiling: 2296ms
	BeginReloadAssembly (167ms)
		ExecutionOrderSort (0ms)
		DisableScriptedObjects (4ms)
		BackupInstance (0ms)
		ReleaseScriptingObjects (0ms)
		CreateAndSetChildDomain (29ms)
	RebuildCommonClasses (33ms)
	RebuildNativeTypeToScriptingClass (16ms)
	initialDomainReloadingComplete (38ms)
	LoadAllAssembliesAndSetupDomain (346ms)
		LoadAssemblies (341ms)
		RebuildTransferFunctionScriptingTraits (0ms)
		AnalyzeDomain (108ms)
			TypeCache.Refresh (87ms)
				TypeCache.ScanAssembly (74ms)
			ScanForSourceGeneratedMonoScriptInfo (15ms)
			ResolveRequiredComponents (5ms)
	FinalizeReload (1696ms)
		ReleaseScriptCaches (0ms)
		RebuildScriptCaches (0ms)
		SetupLoadedEditorAssemblies (423ms)
			LogAssemblyErrors (0ms)
			InitializePlatformSupportModulesInManaged (31ms)
			SetLoadedEditorAssemblies (4ms)
			RefreshPlugins (0ms)
			BeforeProcessingInitializeOnLoad (71ms)
			ProcessInitializeOnLoadAttributes (273ms)
			ProcessInitializeOnLoadMethodAttributes (30ms)
			AfterProcessingInitializeOnLoad (12ms)
			EditorAssembliesLoaded (0ms)
		ExecutionOrderSort2 (0ms)
		AwakeInstancesAfterBackupRestoration (9ms)
Refreshing native plugins compatible for Editor in 7.98 ms, found 3 plugins.
Preloading 0 native plugins for Editor in 0.00 ms.
Unloading 3127 Unused Serialized files (Serialized files now loaded: 0)
Unloading 23 unused Assets / (31.1 KB). Loaded Objects now: 3609.
Memory consumption went from 131.0 MB to 131.0 MB.
Total: 2.897600 ms (FindLiveObjects: 0.222200 ms CreateObjectMapping: 0.091900 ms MarkObjects: 2.506600 ms  DeleteObjects: 0.056900 ms)

Prepare: number of updated asset objects reloaded= 0
AssetImportParameters requested are different than current active one (requested -> active):
  custom:container-demuxer-ogg: 62fdf1f143b41e24485cea50d1cbac27 -> 
  custom:video-decoder-ogg-theora: a1e56fd34408186e4bbccfd4996cb3dc -> 
  custom:framework-win-MediaFoundation: 216162199b28c13a410421893ffa2e32 -> 
  custom:CustomObjectIndexerAttribute: 9a22284fe3817be447336de3de66b15e -> 
  custom:container-demuxer-webm: 4f35f7cbe854078d1ac9338744f61a02 -> 
  custom:container-muxer-webm: aa71ff27fc2769a1b78a27578f13a17b -> 
  custom:video-decoder-webm-vp8: 9c59270c3fd7afecdb556c50c9e8de78 -> 
  custom:SearchIndexIgnoredProperties: e643bd26f0fe6173181afceb89e7c659 -> 
  custom:AudioImporter_EditorPlatform: d09bf68614088b80899f8185d706f6e7 -> 
  custom:video-encoder-webm-vp8: eb34c28f22e8b96e1ab97ce403110664 -> 
  custom:audio-decoder-ogg-vorbis: bf7c407c2cedff20999df2af8eb42d56 -> 
  custom:audio-encoder-webm-vorbis: bf7c407c2cedff20999df2af8eb42d56 -> 
========================================================================
Received Import Request.
  Time since last request: 22.160219 seconds.
  path: Assets/03Datas/BT/Example
  artifactKey: Guid(04313d747e0748c439a86421aac618d0) Importer(815301076,1909f56bfc062723c751e8b465ee728b)
Start importing Assets/03Datas/BT/Example using Guid(04313d747e0748c439a86421aac618d0) Importer(815301076,1909f56bfc062723c751e8b465ee728b)  -> (artifact id: 'bc61f1b4c6acb0d5eb57ed1f5a5f665f') in 0.001552 seconds
Number of updated asset objects reloaded before import = 0
Number of asset objects unloaded after import = 0
========================================================================
Received Import Request.
  Time since last request: 1.435799 seconds.
  path: Assets/03Datas/BT/Example/ProbabilityTest.asset
  artifactKey: Guid(39720198a063d6f4aad8017b3eb6adf7) Importer(815301076,1909f56bfc062723c751e8b465ee728b)
Start importing Assets/03Datas/BT/Example/ProbabilityTest.asset using Guid(39720198a063d6f4aad8017b3eb6adf7) Importer(815301076,1909f56bfc062723c751e8b465ee728b)  -> (artifact id: '9d265e0dc0a5ae6e89247887321f311b') in 0.011598 seconds
Number of updated asset objects reloaded before import = 0
Number of asset objects unloaded after import = 14
========================================================================
Received Import Request.
  Time since last request: 11.834805 seconds.
  path: Assets/03Datas/BT/Example/ProbabilityTest.asset
  artifactKey: Guid(39720198a063d6f4aad8017b3eb6adf7) Importer(815301076,1909f56bfc062723c751e8b465ee728b)
Start importing Assets/03Datas/BT/Example/ProbabilityTest.asset using Guid(39720198a063d6f4aad8017b3eb6adf7) Importer(815301076,1909f56bfc062723c751e8b465ee728b)  -> (artifact id: '2f91d72b3e9ae37fc015bacf01879046') in 0.001940 seconds
Number of updated asset objects reloaded before import = 0
Number of asset objects unloaded after import = 14
========================================================================
Received Import Request.
  Time since last request: 21.889370 seconds.
  path: Assets/03Datas/BT/Example/ProbabilityTest.asset
  artifactKey: Guid(39720198a063d6f4aad8017b3eb6adf7) Importer(815301076,1909f56bfc062723c751e8b465ee728b)
Start importing Assets/03Datas/BT/Example/ProbabilityTest.asset using Guid(39720198a063d6f4aad8017b3eb6adf7) Importer(815301076,1909f56bfc062723c751e8b465ee728b)  -> (artifact id: 'd4ee45f5fad58bbc07638f9484bbbd6f') in 0.002398 seconds
Number of updated asset objects reloaded before import = 0
Number of asset objects unloaded after import = 15
========================================================================
Received Import Request.
  Time since last request: 2.132927 seconds.
  path: Assets/03Datas/BT/Example/ProbabilityTest.asset
  artifactKey: Guid(39720198a063d6f4aad8017b3eb6adf7) Importer(815301076,1909f56bfc062723c751e8b465ee728b)
Start importing Assets/03Datas/BT/Example/ProbabilityTest.asset using Guid(39720198a063d6f4aad8017b3eb6adf7) Importer(815301076,1909f56bfc062723c751e8b465ee728b)  -> (artifact id: '19bccf1192e9d7d34b3d479ef85fb732') in 0.001896 seconds
Number of updated asset objects reloaded before import = 0
Number of asset objects unloaded after import = 14
========================================================================
Received Import Request.
  Time since last request: 85.934897 seconds.
  path: Assets/04Editor
  artifactKey: Guid(d328701d83d2bef4981a13269ed64b63) Importer(815301076,1909f56bfc062723c751e8b465ee728b)
Start importing Assets/04Editor using Guid(d328701d83d2bef4981a13269ed64b63) Importer(815301076,1909f56bfc062723c751e8b465ee728b)  -> (artifact id: '91aa8ee2c01956e960f01af793c676c7') in 0.000743 seconds
Number of updated asset objects reloaded before import = 0
Number of asset objects unloaded after import = 0
========================================================================
Received Import Request.
  Time since last request: 1.380764 seconds.
  path: Assets/04Editor/Editor
  artifactKey: Guid(ad466f0763d87894b879c194b635de05) Importer(815301076,1909f56bfc062723c751e8b465ee728b)
Start importing Assets/04Editor/Editor using Guid(ad466f0763d87894b879c194b635de05) Importer(815301076,1909f56bfc062723c751e8b465ee728b)  -> (artifact id: '1be316613f979d4dd7ae61a6e93c6a00') in 0.000482 seconds
Number of updated asset objects reloaded before import = 0
Number of asset objects unloaded after import = 0
========================================================================
Received Import Request.
  Time since last request: 29.511122 seconds.
  path: Assets/03Datas/BT/Example/Nodes(list).asset
  artifactKey: Guid(00f45d9703eba9d419722ac430dd2d47) Importer(815301076,1909f56bfc062723c751e8b465ee728b)
Start importing Assets/03Datas/BT/Example/Nodes(list).asset using Guid(00f45d9703eba9d419722ac430dd2d47) Importer(815301076,1909f56bfc062723c751e8b465ee728b)  -> (artifact id: 'b3a6c10e86200f588352ee8edfc0af54') in 0.005968 seconds
Number of updated asset objects reloaded before import = 0
Number of asset objects unloaded after import = 30
========================================================================
Received Import Request.
  Time since last request: 76.910155 seconds.
  path: Assets/00Scripts/AI/BehaviorTree/Nodes/BasicNodes/RootNode.cs
  artifactKey: Guid(bd7c5fb4749c608409db46d3873341cc) Importer(815301076,1909f56bfc062723c751e8b465ee728b)
Start importing Assets/00Scripts/AI/BehaviorTree/Nodes/BasicNodes/RootNode.cs using Guid(bd7c5fb4749c608409db46d3873341cc) Importer(815301076,1909f56bfc062723c751e8b465ee728b)  -> (artifact id: 'a5623bd2cc5b0fc1ad91562b2b013e29') in 0.000688 seconds
Number of updated asset objects reloaded before import = 0
Number of asset objects unloaded after import = 0
========================================================================
Received Import Request.
  Time since last request: 5.647205 seconds.
  path: Assets/04Editor/Editor/BTEditor/BehaviorTreeEditor.cs
  artifactKey: Guid(fa4ab4878651d1a46bd2391f385d0b27) Importer(815301076,1909f56bfc062723c751e8b465ee728b)
Start importing Assets/04Editor/Editor/BTEditor/BehaviorTreeEditor.cs using Guid(fa4ab4878651d1a46bd2391f385d0b27) Importer(815301076,1909f56bfc062723c751e8b465ee728b)  -> (artifact id: 'ae04981ff9bd23b40d8a6490c3d61208') in 0.000969 seconds
Number of updated asset objects reloaded before import = 0
Number of asset objects unloaded after import = 0
========================================================================
Received Import Request.
  Time since last request: 6.219494 seconds.
  path: Assets/04Editor/Editor/BTEditor/BehaviorTreeEditor.uxml
  artifactKey: Guid(b92f3414aee65de45bf4701d9e77498e) Importer(815301076,1909f56bfc062723c751e8b465ee728b)
Start importing Assets/04Editor/Editor/BTEditor/BehaviorTreeEditor.uxml using Guid(b92f3414aee65de45bf4701d9e77498e) Importer(815301076,1909f56bfc062723c751e8b465ee728b)  -> (artifact id: '17c75a2f1751664cab489bfd31c347b4') in 0.010533 seconds
Number of updated asset objects reloaded before import = 0
Number of asset objects unloaded after import = 3
========================================================================
Received Import Request.
  Time since last request: 0.378274 seconds.
  path: Assets/04Editor/Editor/BTEditor/BehaviorTreeEditor.uss
  artifactKey: Guid(492b402a0c5b3304d85b60036703b229) Importer(815301076,1909f56bfc062723c751e8b465ee728b)
Start importing Assets/04Editor/Editor/BTEditor/BehaviorTreeEditor.uss using Guid(492b402a0c5b3304d85b60036703b229) Importer(815301076,1909f56bfc062723c751e8b465ee728b)  -> (artifact id: '06eef70009606c5a11bdfe419b301342') in 0.001151 seconds
Number of updated asset objects reloaded before import = 0
Number of asset objects unloaded after import = 1
========================================================================
Received Import Request.
  Time since last request: 5.971539 seconds.
  path: Assets/04Editor/Editor/BTEditor/BehaviorTreeView.cs
  artifactKey: Guid(7453e875a7e9d874395beef2ee895806) Importer(815301076,1909f56bfc062723c751e8b465ee728b)
Start importing Assets/04Editor/Editor/BTEditor/BehaviorTreeView.cs using Guid(7453e875a7e9d874395beef2ee895806) Importer(815301076,1909f56bfc062723c751e8b465ee728b)  -> (artifact id: '12e2e85d7cc997c9ccfc519903aa195a') in 0.000653 seconds
Number of updated asset objects reloaded before import = 0
Number of asset objects unloaded after import = 0
========================================================================
Received Import Request.
  Time since last request: 80.315910 seconds.
  path: Assets/04Editor/Editor/BTEditor/NodeView.uxml
  artifactKey: Guid(104b84f5dc3788841bf6e247257b3ada) Importer(815301076,1909f56bfc062723c751e8b465ee728b)
Start importing Assets/04Editor/Editor/BTEditor/NodeView.uxml using Guid(104b84f5dc3788841bf6e247257b3ada) Importer(815301076,1909f56bfc062723c751e8b465ee728b)  -> (artifact id: '8cacac59f1e53b089c3e82cc13a174df') in 0.004769 seconds
Number of updated asset objects reloaded before import = 0
Number of asset objects unloaded after import = 3
========================================================================
Received Import Request.
  Time since last request: 6.330086 seconds.
  path: Assets/04Editor/Editor/BTEditor/NodeViewStyle.uss
  artifactKey: Guid(8c1a18ca4986ef2459b796370cb56ae8) Importer(815301076,1909f56bfc062723c751e8b465ee728b)
Start importing Assets/04Editor/Editor/BTEditor/NodeViewStyle.uss using Guid(8c1a18ca4986ef2459b796370cb56ae8) Importer(815301076,1909f56bfc062723c751e8b465ee728b)  -> (artifact id: '4dec77512655a9b34c9d0d01d70725e5') in 0.001383 seconds
Number of updated asset objects reloaded before import = 0
Number of asset objects unloaded after import = 1
========================================================================
Received Import Request.
  Time since last request: 777.072913 seconds.
  path: Assets/04Editor/Editor/BTEditor
  artifactKey: Guid(d846b75dd47032c45ab4a4e7f460962a) Importer(815301076,1909f56bfc062723c751e8b465ee728b)
Start importing Assets/04Editor/Editor/BTEditor using Guid(d846b75dd47032c45ab4a4e7f460962a) Importer(815301076,1909f56bfc062723c751e8b465ee728b)  -> (artifact id: 'c6c6328cd5af552619dda165151fdb69') in 0.000802 seconds
Number of updated asset objects reloaded before import = 0
Number of asset objects unloaded after import = 0
========================================================================
Received Import Request.
  Time since last request: 8.276139 seconds.
  path: Assets/04Editor/Editor/BTEditor/BTSearchWindow1.cs
  artifactKey: Guid(47b11dd2fa06b4a46ad6f18a7e0a3d83) Importer(815301076,1909f56bfc062723c751e8b465ee728b)
Start importing Assets/04Editor/Editor/BTEditor/BTSearchWindow1.cs using Guid(47b11dd2fa06b4a46ad6f18a7e0a3d83) Importer(815301076,1909f56bfc062723c751e8b465ee728b)  -> (artifact id: 'ceb9b6b796365799f96fe3ed7f6471ef') in 0.000813 seconds
Number of updated asset objects reloaded before import = 0
Number of asset objects unloaded after import = 0
========================================================================
Received Prepare
Begin MonoManager ReloadAssembly
- Loaded All Assemblies, in  0.570 seconds
Refreshing native plugins compatible for Editor in 3.82 ms, found 3 plugins.
Native extension for WindowsStandalone target not found
Native extension for Android target not found
[Package Manager] Server::EnsureServerProcessIsRunning -- launch failed, reason: Unity was launched with the -noUpm command-line argument
[Package Manager] UpmClient::Send -- Unable to send message (not connected to UPM process).
[Package Manager] Cannot connect to Unity Package Manager local server
Mono: successfully reloaded assembly
- Finished resetting the current domain, in  1.752 seconds
Domain Reload Profiling: 2318ms
	BeginReloadAssembly (175ms)
		ExecutionOrderSort (0ms)
		DisableScriptedObjects (4ms)
		BackupInstance (0ms)
		ReleaseScriptingObjects (0ms)
		CreateAndSetChildDomain (37ms)
	RebuildCommonClasses (39ms)
	RebuildNativeTypeToScriptingClass (16ms)
	initialDomainReloadingComplete (33ms)
	LoadAllAssembliesAndSetupDomain (302ms)
		LoadAssemblies (379ms)
		RebuildTransferFunctionScriptingTraits (0ms)
		AnalyzeDomain (24ms)
			TypeCache.Refresh (11ms)
				TypeCache.ScanAssembly (2ms)
			ScanForSourceGeneratedMonoScriptInfo (7ms)
			ResolveRequiredComponents (5ms)
	FinalizeReload (1753ms)
		ReleaseScriptCaches (0ms)
		RebuildScriptCaches (0ms)
		SetupLoadedEditorAssemblies (386ms)
			LogAssemblyErrors (0ms)
			InitializePlatformSupportModulesInManaged (25ms)
			SetLoadedEditorAssemblies (3ms)
			RefreshPlugins (0ms)
			BeforeProcessingInitializeOnLoad (59ms)
			ProcessInitializeOnLoadAttributes (266ms)
			ProcessInitializeOnLoadMethodAttributes (21ms)
			AfterProcessingInitializeOnLoad (12ms)
			EditorAssembliesLoaded (0ms)
		ExecutionOrderSort2 (0ms)
		AwakeInstancesAfterBackupRestoration (9ms)
Refreshing native plugins compatible for Editor in 7.71 ms, found 3 plugins.
Preloading 0 native plugins for Editor in 0.00 ms.
Unloading 3128 Unused Serialized files (Serialized files now loaded: 0)
Unloading 23 unused Assets / (31.2 KB). Loaded Objects now: 3614.
Memory consumption went from 133.0 MB to 132.9 MB.
Total: 3.736300 ms (FindLiveObjects: 0.320300 ms CreateObjectMapping: 0.220800 ms MarkObjects: 3.106900 ms  DeleteObjects: 0.087400 ms)

Prepare: number of updated asset objects reloaded= 0
AssetImportParameters requested are different than current active one (requested -> active):
  custom:container-demuxer-ogg: 62fdf1f143b41e24485cea50d1cbac27 -> 
  custom:video-decoder-ogg-theora: a1e56fd34408186e4bbccfd4996cb3dc -> 
  custom:framework-win-MediaFoundation: 216162199b28c13a410421893ffa2e32 -> 
  custom:CustomObjectIndexerAttribute: 9a22284fe3817be447336de3de66b15e -> 
  custom:container-demuxer-webm: 4f35f7cbe854078d1ac9338744f61a02 -> 
  custom:container-muxer-webm: aa71ff27fc2769a1b78a27578f13a17b -> 
  custom:video-decoder-webm-vp8: 9c59270c3fd7afecdb556c50c9e8de78 -> 
  custom:SearchIndexIgnoredProperties: e643bd26f0fe6173181afceb89e7c659 -> 
  custom:AudioImporter_EditorPlatform: d09bf68614088b80899f8185d706f6e7 -> 
  custom:video-encoder-webm-vp8: eb34c28f22e8b96e1ab97ce403110664 -> 
  custom:audio-decoder-ogg-vorbis: bf7c407c2cedff20999df2af8eb42d56 -> 
  custom:audio-encoder-webm-vorbis: bf7c407c2cedff20999df2af8eb42d56 -> 
========================================================================
Received Import Request.
  Time since last request: 12.104525 seconds.
  path: Assets/04Editor/Editor/BTEditor/BTSearchWindow.cs
  artifactKey: Guid(0bd371284fd611c4182fa2fd4d760d0f) Importer(815301076,1909f56bfc062723c751e8b465ee728b)
Start importing Assets/04Editor/Editor/BTEditor/BTSearchWindow.cs using Guid(0bd371284fd611c4182fa2fd4d760d0f) Importer(815301076,1909f56bfc062723c751e8b465ee728b)  -> (artifact id: 'd8d91c9bf1b9974f374a7438fba1fdca') in 0.002090 seconds
Number of updated asset objects reloaded before import = 0
Number of asset objects unloaded after import = 0
========================================================================
Received Prepare
Begin MonoManager ReloadAssembly
- Loaded All Assemblies, in  0.542 seconds
Refreshing native plugins compatible for Editor in 5.07 ms, found 3 plugins.
Native extension for WindowsStandalone target not found
Native extension for Android target not found
[Package Manager] Server::EnsureServerProcessIsRunning -- launch failed, reason: Unity was launched with the -noUpm command-line argument
[Package Manager] UpmClient::Send -- Unable to send message (not connected to UPM process).
[Package Manager] Cannot connect to Unity Package Manager local server
Mono: successfully reloaded assembly
- Finished resetting the current domain, in  1.074 seconds
Domain Reload Profiling: 1612ms
	BeginReloadAssembly (184ms)
		ExecutionOrderSort (0ms)
		DisableScriptedObjects (6ms)
		BackupInstance (0ms)
		ReleaseScriptingObjects (0ms)
		CreateAndSetChildDomain (35ms)
	RebuildCommonClasses (37ms)
	RebuildNativeTypeToScriptingClass (16ms)
	initialDomainReloadingComplete (35ms)
	LoadAllAssembliesAndSetupDomain (265ms)
		LoadAssemblies (353ms)
		RebuildTransferFunctionScriptingTraits (0ms)
		AnalyzeDomain (22ms)
			TypeCache.Refresh (10ms)
				TypeCache.ScanAssembly (1ms)
			ScanForSourceGeneratedMonoScriptInfo (6ms)
			ResolveRequiredComponents (4ms)
	FinalizeReload (1074ms)
		ReleaseScriptCaches (0ms)
		RebuildScriptCaches (0ms)
		SetupLoadedEditorAssemblies (373ms)
			LogAssemblyErrors (0ms)
			InitializePlatformSupportModulesInManaged (30ms)
			SetLoadedEditorAssemblies (2ms)
			RefreshPlugins (0ms)
			BeforeProcessingInitializeOnLoad (60ms)
			ProcessInitializeOnLoadAttributes (251ms)
			ProcessInitializeOnLoadMethodAttributes (19ms)
			AfterProcessingInitializeOnLoad (9ms)
			EditorAssembliesLoaded (0ms)
		ExecutionOrderSort2 (0ms)
		AwakeInstancesAfterBackupRestoration (7ms)
Refreshing native plugins compatible for Editor in 7.52 ms, found 3 plugins.
Preloading 0 native plugins for Editor in 0.00 ms.
Unloading 3127 Unused Serialized files (Serialized files now loaded: 0)
Unloading 23 unused Assets / (31.1 KB). Loaded Objects now: 3617.
Memory consumption went from 134.9 MB to 134.9 MB.
Total: 10.087400 ms (FindLiveObjects: 1.704900 ms CreateObjectMapping: 0.652200 ms MarkObjects: 7.640400 ms  DeleteObjects: 0.088400 ms)

Prepare: number of updated asset objects reloaded= 0
AssetImportParameters requested are different than current active one (requested -> active):
  custom:container-demuxer-ogg: 62fdf1f143b41e24485cea50d1cbac27 -> 
  custom:video-decoder-ogg-theora: a1e56fd34408186e4bbccfd4996cb3dc -> 
  custom:framework-win-MediaFoundation: 216162199b28c13a410421893ffa2e32 -> 
  custom:CustomObjectIndexerAttribute: 9a22284fe3817be447336de3de66b15e -> 
  custom:container-demuxer-webm: 4f35f7cbe854078d1ac9338744f61a02 -> 
  custom:container-muxer-webm: aa71ff27fc2769a1b78a27578f13a17b -> 
  custom:video-decoder-webm-vp8: 9c59270c3fd7afecdb556c50c9e8de78 -> 
  custom:SearchIndexIgnoredProperties: e643bd26f0fe6173181afceb89e7c659 -> 
  custom:AudioImporter_EditorPlatform: d09bf68614088b80899f8185d706f6e7 -> 
  custom:video-encoder-webm-vp8: eb34c28f22e8b96e1ab97ce403110664 -> 
  custom:audio-decoder-ogg-vorbis: bf7c407c2cedff20999df2af8eb42d56 -> 
  custom:audio-encoder-webm-vorbis: bf7c407c2cedff20999df2af8eb42d56 -> 
========================================================================
Received Import Request.
  Time since last request: 1609.800227 seconds.
  path: Assets/04Editor/Editor/BTEditor/InspectorView.cs
  artifactKey: Guid(104d808620e8f3745b914c83cceb6db6) Importer(815301076,1909f56bfc062723c751e8b465ee728b)
Start importing Assets/04Editor/Editor/BTEditor/InspectorView.cs using Guid(104d808620e8f3745b914c83cceb6db6) Importer(815301076,1909f56bfc062723c751e8b465ee728b)  -> (artifact id: '771bd116da617f4e7dd28abea3298a1c') in 0.003923 seconds
Number of updated asset objects reloaded before import = 0
Number of asset objects unloaded after import = 0
========================================================================
Received Import Request.
  Time since last request: 2.093021 seconds.
  path: Assets/04Editor/Editor/BTEditor/NodeView.cs
  artifactKey: Guid(e606290237fcdbb4b966ce60b0b56891) Importer(815301076,1909f56bfc062723c751e8b465ee728b)
Start importing Assets/04Editor/Editor/BTEditor/NodeView.cs using Guid(e606290237fcdbb4b966ce60b0b56891) Importer(815301076,1909f56bfc062723c751e8b465ee728b)  -> (artifact id: '9160e4f2d1d94ff04bd0476ee7a1845f') in 0.000567 seconds
Number of updated asset objects reloaded before import = 0
Number of asset objects unloaded after import = 0
========================================================================
Received Import Request.
  Time since last request: 2.254165 seconds.
  path: Assets/00Scripts/AI/BehaviorTree/Nodes/CompositeNode/WeightSelectorNode.cs
  artifactKey: Guid(5e28be83fe1bf9745ad9b8d08e903140) Importer(815301076,1909f56bfc062723c751e8b465ee728b)
Start importing Assets/00Scripts/AI/BehaviorTree/Nodes/CompositeNode/WeightSelectorNode.cs using Guid(5e28be83fe1bf9745ad9b8d08e903140) Importer(815301076,1909f56bfc062723c751e8b465ee728b)  -> (artifact id: '8ddd46a3e1a1338322b64be026c4d797') in 0.000931 seconds
Number of updated asset objects reloaded before import = 0
Number of asset objects unloaded after import = 0
========================================================================
Received Import Request.
  Time since last request: 0.573091 seconds.
  path: Assets/00Scripts/AI/BehaviorTree/Nodes/CompositeNode/WeightSelectorNoFail.cs
  artifactKey: Guid(ec9d44455981da64085eaea3f8d8eba9) Importer(815301076,1909f56bfc062723c751e8b465ee728b)
Start importing Assets/00Scripts/AI/BehaviorTree/Nodes/CompositeNode/WeightSelectorNoFail.cs using Guid(ec9d44455981da64085eaea3f8d8eba9) Importer(815301076,1909f56bfc062723c751e8b465ee728b)  -> (artifact id: '9a692aa0bdc11ba2e1de89dda574690d') in 0.001150 seconds
Number of updated asset objects reloaded before import = 0
Number of asset objects unloaded after import = 0
========================================================================
Received Import Request.
  Time since last request: 13.992167 seconds.
  path: Assets/03Datas/BT/Example/Weight Test.asset
  artifactKey: Guid(5048ce7388187e845a62c005a5c1d637) Importer(815301076,1909f56bfc062723c751e8b465ee728b)
Start importing Assets/03Datas/BT/Example/Weight Test.asset using Guid(5048ce7388187e845a62c005a5c1d637) Importer(815301076,1909f56bfc062723c751e8b465ee728b)  -> (artifact id: '676a8f50cee7a44533e9d50e062422e5') in 0.016313 seconds
Number of updated asset objects reloaded before import = 0
Number of asset objects unloaded after import = 11
========================================================================
Received Import Request.
  Time since last request: 42.399540 seconds.
  path: Assets/03Datas/BT/Test/MeleeTest.asset
  artifactKey: Guid(a2b44b3d5f3a83d40a668db9ad3cecae) Importer(815301076,1909f56bfc062723c751e8b465ee728b)
Start importing Assets/03Datas/BT/Test/MeleeTest.asset using Guid(a2b44b3d5f3a83d40a668db9ad3cecae) Importer(815301076,1909f56bfc062723c751e8b465ee728b)  -> (artifact id: '6102104becc0a232c1032c3af848d8c9') in 0.003227 seconds
Number of updated asset objects reloaded before import = 0
Number of asset objects unloaded after import = 10
========================================================================
Received Import Request.
  Time since last request: 2.836345 seconds.
  path: Assets/00Scripts/AI/BehaviorTree/Nodes/WeightNodes/IWeightNode.cs
  artifactKey: Guid(2bb3b34e3a13b4f48966a44b1d66d0ad) Importer(815301076,1909f56bfc062723c751e8b465ee728b)
Start importing Assets/00Scripts/AI/BehaviorTree/Nodes/WeightNodes/IWeightNode.cs using Guid(2bb3b34e3a13b4f48966a44b1d66d0ad) Importer(815301076,1909f56bfc062723c751e8b465ee728b)  -> (artifact id: '36590e7aa62482ca66ba27f7f7d1fd9a') in 0.000830 seconds
Number of updated asset objects reloaded before import = 0
Number of asset objects unloaded after import = 0
