Using pre-set license
Built from '2022.3/staging' branch; Version is '2022.3.24f1 (334eb2a0b267) revision 3362482'; Using compiler version '192829333'; Build Type 'Release'
OS: 'Windows 10  (10.0.19045) 64bit Core' Language: 'ko' Physical Memory: 16092 MB
BatchMode: 1, IsHumanControllingUs: 0, StartBugReporterOnCrash: 0, Is64bit: 1, IsPro: 1

COMMAND LINE ARGUMENTS:
C:\Program Files\Unity 2022.3.24f1\Editor\Unity.exe
-adb2
-batchMode
-noUpm
-name
AssetImportWorker0
-projectPath
C:/Users/hyeon2-400/Documents/GitHub/AIBehaviourTree/My project (3)
-logFile
Logs/AssetImportWorker0.log
-srvPort
59535
Successfully changed project path to: C:/Users/hyeon2-400/Documents/GitHub/AIBehaviourTree/My project (3)
C:/Users/hyeon2-400/Documents/GitHub/AIBehaviourTree/My project (3)
[UnityMemory] Configuration Parameters - Can be set up in boot.config
    "memorysetup-bucket-allocator-granularity=16"
    "memorysetup-bucket-allocator-bucket-count=8"
    "memorysetup-bucket-allocator-block-size=33554432"
    "memorysetup-bucket-allocator-block-count=8"
    "memorysetup-main-allocator-block-size=16777216"
    "memorysetup-thread-allocator-block-size=16777216"
    "memorysetup-gfx-main-allocator-block-size=16777216"
    "memorysetup-gfx-thread-allocator-block-size=16777216"
    "memorysetup-cache-allocator-block-size=4194304"
    "memorysetup-typetree-allocator-block-size=2097152"
    "memorysetup-profiler-bucket-allocator-granularity=16"
    "memorysetup-profiler-bucket-allocator-bucket-count=8"
    "memorysetup-profiler-bucket-allocator-block-size=33554432"
    "memorysetup-profiler-bucket-allocator-block-count=8"
    "memorysetup-profiler-allocator-block-size=16777216"
    "memorysetup-profiler-editor-allocator-block-size=1048576"
    "memorysetup-temp-allocator-size-main=16777216"
    "memorysetup-job-temp-allocator-block-size=2097152"
    "memorysetup-job-temp-allocator-block-size-background=1048576"
    "memorysetup-job-temp-allocator-reduction-small-platforms=262144"
    "memorysetup-allocator-temp-initial-block-size-main=262144"
    "memorysetup-allocator-temp-initial-block-size-worker=262144"
    "memorysetup-temp-allocator-size-background-worker=32768"
    "memorysetup-temp-allocator-size-job-worker=262144"
    "memorysetup-temp-allocator-size-preload-manager=33554432"
    "memorysetup-temp-allocator-size-nav-mesh-worker=65536"
    "memorysetup-temp-allocator-size-audio-worker=65536"
    "memorysetup-temp-allocator-size-cloud-worker=32768"
    "memorysetup-temp-allocator-size-gi-baking-worker=262144"
    "memorysetup-temp-allocator-size-gfx=262144"
Player connection [22368] Host "[IP] 192.168.30.104 [Port] 0 [Flags] 2 [Guid] 2369555570 [EditorId] 2369555570 [Version] 1048832 [Id] WindowsEditor(7,DESKTOP-NAVJCQV) [Debug] 1 [PackageName] WindowsEditor [ProjectName] Editor" joined multi-casting on [225.0.0.222:54997]...

Player connection [22368] Host "[IP] 192.168.30.104 [Port] 0 [Flags] 2 [Guid] 2369555570 [EditorId] 2369555570 [Version] 1048832 [Id] WindowsEditor(7,DESKTOP-NAVJCQV) [Debug] 1 [PackageName] WindowsEditor [ProjectName] Editor" joined alternative multi-casting on [225.0.0.222:34997]...

[Physics::Module] Initialized MultithreadedJobDispatcher with 11 workers.
Refreshing native plugins compatible for Editor in 0.00 ms, found 0 plugins.
Preloading 0 native plugins for Editor in 0.00 ms.
Initialize engine version: 2022.3.24f1 (334eb2a0b267)
[Subsystems] Discovering subsystems at path C:/Program Files/Unity 2022.3.24f1/Editor/Data/Resources/UnitySubsystems
[Subsystems] Discovering subsystems at path C:/Users/hyeon2-400/Documents/GitHub/AIBehaviourTree/My project (3)/Assets
GfxDevice: creating device client; threaded=0; jobified=0
Direct3D:
    Version:  Direct3D 11.0 [level 11.1]
    Renderer: NVIDIA GeForce RTX 3070 (ID=0x2488)
    Vendor:   NVIDIA
    VRAM:     8032 MB
    Driver:   31.0.15.4659
Initialize mono
Mono path[0] = 'C:/Program Files/Unity 2022.3.24f1/Editor/Data/Managed'
Mono path[1] = 'C:/Program Files/Unity 2022.3.24f1/Editor/Data/MonoBleedingEdge/lib/mono/unityjit-win32'
Mono config path = 'C:/Program Files/Unity 2022.3.24f1/Editor/Data/MonoBleedingEdge/etc'
Using monoOptions --debugger-agent=transport=dt_socket,embedding=1,server=y,suspend=n,address=127.0.0.1:56656
Begin MonoManager ReloadAssembly
Registering precompiled unity dll's ...
Register platform support module: C:/Program Files/Unity 2022.3.24f1/Editor/Data/PlaybackEngines/AndroidPlayer/UnityEditor.Android.Extensions.dll
Register platform support module: C:/Program Files/Unity 2022.3.24f1/Editor/Data/PlaybackEngines/WindowsStandaloneSupport/UnityEditor.WindowsStandalone.Extensions.dll
Registered in 0.012375 seconds.
- Loaded All Assemblies, in  0.419 seconds
Native extension for WindowsStandalone target not found
Native extension for Android target not found
Mono: successfully reloaded assembly
- Finished resetting the current domain, in  0.319 seconds
Domain Reload Profiling: 734ms
	BeginReloadAssembly (133ms)
		ExecutionOrderSort (0ms)
		DisableScriptedObjects (0ms)
		BackupInstance (0ms)
		ReleaseScriptingObjects (0ms)
		CreateAndSetChildDomain (2ms)
	RebuildCommonClasses (37ms)
	RebuildNativeTypeToScriptingClass (10ms)
	initialDomainReloadingComplete (68ms)
	LoadAllAssembliesAndSetupDomain (167ms)
		LoadAssemblies (130ms)
		RebuildTransferFunctionScriptingTraits (0ms)
		AnalyzeDomain (164ms)
			TypeCache.Refresh (161ms)
				TypeCache.ScanAssembly (147ms)
			ScanForSourceGeneratedMonoScriptInfo (1ms)
			ResolveRequiredComponents (1ms)
	FinalizeReload (319ms)
		ReleaseScriptCaches (0ms)
		RebuildScriptCaches (0ms)
		SetupLoadedEditorAssemblies (265ms)
			LogAssemblyErrors (0ms)
			InitializePlatformSupportModulesInManaged (92ms)
			SetLoadedEditorAssemblies (4ms)
			RefreshPlugins (0ms)
			BeforeProcessingInitializeOnLoad (2ms)
			ProcessInitializeOnLoadAttributes (117ms)
			ProcessInitializeOnLoadMethodAttributes (49ms)
			AfterProcessingInitializeOnLoad (0ms)
			EditorAssembliesLoaded (0ms)
		ExecutionOrderSort2 (0ms)
		AwakeInstancesAfterBackupRestoration (0ms)
========================================================================
Worker process is ready to serve import requests
Begin MonoManager ReloadAssembly
- Loaded All Assemblies, in  0.269 seconds
Refreshing native plugins compatible for Editor in 0.00 ms, found 0 plugins.
Native extension for WindowsStandalone target not found
Native extension for Android target not found
Mono: successfully reloaded assembly
- Finished resetting the current domain, in  0.384 seconds
Domain Reload Profiling: 651ms
	BeginReloadAssembly (165ms)
		ExecutionOrderSort (0ms)
		DisableScriptedObjects (6ms)
		BackupInstance (0ms)
		ReleaseScriptingObjects (0ms)
		CreateAndSetChildDomain (24ms)
	RebuildCommonClasses (34ms)
	RebuildNativeTypeToScriptingClass (11ms)
	initialDomainReloadingComplete (28ms)
	LoadAllAssembliesAndSetupDomain (27ms)
		LoadAssemblies (107ms)
		RebuildTransferFunctionScriptingTraits (0ms)
		AnalyzeDomain (22ms)
			TypeCache.Refresh (20ms)
				TypeCache.ScanAssembly (11ms)
			ScanForSourceGeneratedMonoScriptInfo (0ms)
			ResolveRequiredComponents (1ms)
	FinalizeReload (385ms)
		ReleaseScriptCaches (0ms)
		RebuildScriptCaches (0ms)
		SetupLoadedEditorAssemblies (255ms)
			LogAssemblyErrors (0ms)
			InitializePlatformSupportModulesInManaged (30ms)
			SetLoadedEditorAssemblies (5ms)
			RefreshPlugins (0ms)
			BeforeProcessingInitializeOnLoad (37ms)
			ProcessInitializeOnLoadAttributes (149ms)
			ProcessInitializeOnLoadMethodAttributes (22ms)
			AfterProcessingInitializeOnLoad (12ms)
			EditorAssembliesLoaded (0ms)
		ExecutionOrderSort2 (0ms)
		AwakeInstancesAfterBackupRestoration (8ms)
Launched and connected shader compiler UnityShaderCompiler.exe after 0.06 seconds
Refreshing native plugins compatible for Editor in 0.00 ms, found 0 plugins.
Preloading 0 native plugins for Editor in 0.00 ms.
Unloading 49 Unused Serialized files (Serialized files now loaded: 0)
Unloading 3 unused Assets / (48.7 KB). Loaded Objects now: 523.
Memory consumption went from 57.0 MB to 57.0 MB.
Total: 6.355100 ms (FindLiveObjects: 0.110800 ms CreateObjectMapping: 0.007600 ms MarkObjects: 6.154100 ms  DeleteObjects: 0.080600 ms)

AssetImportParameters requested are different than current active one (requested -> active):
  custom:video-decoder-ogg-theora: a1e56fd34408186e4bbccfd4996cb3dc -> 
  custom:container-muxer-webm: aa71ff27fc2769a1b78a27578f13a17b -> 
  custom:container-demuxer-webm: 4f35f7cbe854078d1ac9338744f61a02 -> 
  custom:video-encoder-webm-vp8: eb34c28f22e8b96e1ab97ce403110664 -> 
  custom:CustomObjectIndexerAttribute: 9a22284fe3817be447336de3de66b15e -> 
  custom:audio-encoder-webm-vorbis: bf7c407c2cedff20999df2af8eb42d56 -> 
  custom:framework-win-MediaFoundation: 216162199b28c13a410421893ffa2e32 -> 
  custom:SearchIndexIgnoredProperties: e643bd26f0fe6173181afceb89e7c659 -> 
  custom:container-demuxer-ogg: 62fdf1f143b41e24485cea50d1cbac27 -> 
  custom:video-decoder-webm-vp8: 9c59270c3fd7afecdb556c50c9e8de78 -> 
  custom:audio-decoder-ogg-vorbis: bf7c407c2cedff20999df2af8eb42d56 -> 
  custom:AudioImporter_EditorPlatform: d09bf68614088b80899f8185d706f6e7 -> 
========================================================================
Received Import Request.
  Time since last request: 78706.107935 seconds.
  path: Assets/00Scripts/AI/BehaviorTree/Nodes/BTNode.cs
  artifactKey: Guid(15a2eaa8cb8f2eb4c9e1e60028d733e8) Importer(815301076,1909f56bfc062723c751e8b465ee728b)
Start importing Assets/00Scripts/AI/BehaviorTree/Nodes/BTNode.cs using Guid(15a2eaa8cb8f2eb4c9e1e60028d733e8) Importer(815301076,1909f56bfc062723c751e8b465ee728b)  -> (artifact id: 'adf3eb5aab7c6636cd2eac39c28d6d08') in 0.002672 seconds
Number of updated asset objects reloaded before import = 0
Number of asset objects unloaded after import = 0
========================================================================
Received Import Request.
  Time since last request: 0.888127 seconds.
  path: Assets/00Scripts/AI/BehaviorTree/Nodes/WeightNode.cs
  artifactKey: Guid(e95343ac12d9be6439ccf47c7e76548b) Importer(815301076,1909f56bfc062723c751e8b465ee728b)
Start importing Assets/00Scripts/AI/BehaviorTree/Nodes/WeightNode.cs using Guid(e95343ac12d9be6439ccf47c7e76548b) Importer(815301076,1909f56bfc062723c751e8b465ee728b)  -> (artifact id: 'a233b23b5c727fa0579a994ff9e8891f') in 0.000669 seconds
Number of updated asset objects reloaded before import = 0
Number of asset objects unloaded after import = 0
========================================================================
Received Import Request.
  Time since last request: 0.443620 seconds.
  path: Assets/00Scripts/AI/BehaviorTree/BehaviorTree.cs
  artifactKey: Guid(9c92f7a0caa2af94aab74cc9464ab471) Importer(815301076,1909f56bfc062723c751e8b465ee728b)
Start importing Assets/00Scripts/AI/BehaviorTree/BehaviorTree.cs using Guid(9c92f7a0caa2af94aab74cc9464ab471) Importer(815301076,1909f56bfc062723c751e8b465ee728b)  -> (artifact id: '307dda52ae62f948bed58342748efdb8') in 0.000886 seconds
Number of updated asset objects reloaded before import = 0
Number of asset objects unloaded after import = 0
========================================================================
Received Import Request.
  Time since last request: 0.547907 seconds.
  path: Assets/00Scripts/AI/BehaviorTree/BehaviorTreeRunner.cs
  artifactKey: Guid(60287b2f372e41147a385fdb888ca1f6) Importer(815301076,1909f56bfc062723c751e8b465ee728b)
Start importing Assets/00Scripts/AI/BehaviorTree/BehaviorTreeRunner.cs using Guid(60287b2f372e41147a385fdb888ca1f6) Importer(815301076,1909f56bfc062723c751e8b465ee728b)  -> (artifact id: '94908b22c6d9fdb130c91ab94a9b9315') in 0.000510 seconds
Number of updated asset objects reloaded before import = 0
Number of asset objects unloaded after import = 0
========================================================================
Received Import Request.
  Time since last request: 4.600273 seconds.
  path: Assets/00Scripts/AI/BehaviorTree/Blackboard.cs
  artifactKey: Guid(7f74e04475d10f4498c53275f292313d) Importer(815301076,1909f56bfc062723c751e8b465ee728b)
Start importing Assets/00Scripts/AI/BehaviorTree/Blackboard.cs using Guid(7f74e04475d10f4498c53275f292313d) Importer(815301076,1909f56bfc062723c751e8b465ee728b)  -> (artifact id: 'a43968734c9df394748761757bd95d0d') in 0.000720 seconds
Number of updated asset objects reloaded before import = 0
Number of asset objects unloaded after import = 0
========================================================================
Received Import Request.
  Time since last request: 1.545503 seconds.
  path: Assets/00Scripts/AI/BehaviorTree/Nodes/BasicNodes/DecoratorNode.cs
  artifactKey: Guid(25b10327bd4ab114ca04631e7e534fa9) Importer(815301076,1909f56bfc062723c751e8b465ee728b)
Start importing Assets/00Scripts/AI/BehaviorTree/Nodes/BasicNodes/DecoratorNode.cs using Guid(25b10327bd4ab114ca04631e7e534fa9) Importer(815301076,1909f56bfc062723c751e8b465ee728b)  -> (artifact id: 'b4a91d4d3bf59ec879c4d87a8ae09ffe') in 0.000568 seconds
Number of updated asset objects reloaded before import = 0
Number of asset objects unloaded after import = 0
========================================================================
Received Import Request.
  Time since last request: 0.846610 seconds.
  path: Assets/00Scripts/AI/BehaviorTree/Nodes/BasicNodes/DevelopmentNode.cs
  artifactKey: Guid(da76d3f3adca1a647b15d12834985bd7) Importer(815301076,1909f56bfc062723c751e8b465ee728b)
Start importing Assets/00Scripts/AI/BehaviorTree/Nodes/BasicNodes/DevelopmentNode.cs using Guid(da76d3f3adca1a647b15d12834985bd7) Importer(815301076,1909f56bfc062723c751e8b465ee728b)  -> (artifact id: '3e8a4ec9604483da8807f37561b568fa') in 0.000745 seconds
Number of updated asset objects reloaded before import = 0
Number of asset objects unloaded after import = 0
========================================================================
Received Import Request.
  Time since last request: 53.430470 seconds.
  path: Assets/04Editor/Editor/BTEditor/BTSearchWindow.cs
  artifactKey: Guid(0bd371284fd611c4182fa2fd4d760d0f) Importer(815301076,1909f56bfc062723c751e8b465ee728b)
Start importing Assets/04Editor/Editor/BTEditor/BTSearchWindow.cs using Guid(0bd371284fd611c4182fa2fd4d760d0f) Importer(815301076,1909f56bfc062723c751e8b465ee728b)  -> (artifact id: 'f8cf082419705b0bf3fcdb72f53ae58e') in 0.000555 seconds
Number of updated asset objects reloaded before import = 0
Number of asset objects unloaded after import = 0
========================================================================
Received Import Request.
  Time since last request: 25708.196414 seconds.
  path: Assets/04Editor/Editor/BTEditor/BehaviorTreeEditor.uss
  artifactKey: Guid(492b402a0c5b3304d85b60036703b229) Importer(815301076,1909f56bfc062723c751e8b465ee728b)
Start importing Assets/04Editor/Editor/BTEditor/BehaviorTreeEditor.uss using Guid(492b402a0c5b3304d85b60036703b229) Importer(815301076,1909f56bfc062723c751e8b465ee728b)  -> (artifact id: '06eef70009606c5a11bdfe419b301342') in 0.715366 seconds
Number of updated asset objects reloaded before import = 0
Number of asset objects unloaded after import = 1
